2020-06-08 22:41:28 INFO [create_new_research_study_auto] 20200608224128.xlsx: A new study has been submitted (study_acronym: "BASICS", profile: "113103/113104/113105/113106/113109/113111/").
2020-06-08 22:42:10 ERROR [find_session] (PatientID: 2744766, AccessionNumber: UMCA630754) No study found for this query.
2020-06-08 22:42:10 ERROR [find_session] (PatientID: 2744766, AccessionNumber: UMCA630753) No study found for this query.
2020-06-08 22:44:54 INFO [move_session] (Study Instance UID: 1.3.51.0.1.1.145.117.36.171.10833358.833639) The C-MOVE operation was succeed.
2020-06-08 22:45:04 INFO [move_session] (Study Instance UID: 1.3.51.0.1.1.145.117.36.171.10833359.833640) The C-MOVE operation was succeed.
2020-06-08 23:23:54 WARNING [move_session] (Study Instance UID: 1.3.51.0.1.1.145.117.36.171.10835707.835988) Connection timed out, was aborted or received invalid response.
2020-06-08 23:24:36 INFO [move_session] (Study Instance UID: 1.3.51.0.1.1.145.117.36.171.10836223.836504) The C-MOVE operation was succeed.
2020-06-08 23:25:10 WARNING [move_session] (Study Instance UID: 1.3.51.0.1.1.145.117.36.171.10836224.836505) Connection timed out, was aborted or received invalid response.
2020-06-08 23:25:48 WARNING [move_session] (Study Instance UID: 1.3.51.0.1.1.145.117.36.171.10953688.953969) Connection timed out, was aborted or received invalid response.
2020-06-08 23:26:21 WARNING [move_session] (Study Instance UID: 1.3.51.0.1.1.145.117.36.171.10953708.953989) Connection timed out, was aborted or received invalid response.
2020-06-08 23:27:04 INFO [move_session] (Study Instance UID: 1.3.51.0.1.1.145.117.36.171.10959817.960098) The C-MOVE operation was succeed.
2020-06-08 23:27:38 WARNING [move_session] (Study Instance UID: 1.3.51.0.1.1.145.117.36.171.10959837.960118) Connection timed out, was aborted or received invalid response.
2020-06-08 23:28:16 WARNING [move_session] (Study Instance UID: 1.3.51.0.1.1.145.117.36.171.10959993.960274) Connection timed out, was aborted or received invalid response.
2020-06-08 23:28:30 INFO [move_session] (Study Instance UID: 1.3.51.0.1.1.145.117.36.171.10960020.960301) The C-MOVE operation was succeed.
2020-06-08 23:29:03 WARNING [move_session] (Study Instance UID: 1.3.51.0.1.1.145.117.36.171.11009929.1010210) Connection timed out, was aborted or received invalid response.
2020-06-08 23:29:13 INFO [move_session] (Study Instance UID: 1.3.51.0.1.1.145.117.36.171.11010003.1010284) The C-MOVE operation was succeed.
2020-06-08 23:29:41 INFO [move_session] (Study Instance UID: 1.3.51.0.1.1.145.117.36.171.11010004.1010285) The C-MOVE operation was succeed.
2020-06-08 23:30:15 WARNING [move_session] (Study Instance UID: 1.3.51.0.1.1.145.117.36.171.11053262.1053543) Connection timed out, was aborted or received invalid response.
2020-06-08 23:30:48 WARNING [move_session] (Study Instance UID: 1.2.840.114350.2.408.2.798268.2.19982928.1) Connection timed out, was aborted or received invalid response.
2020-06-08 23:31:22 WARNING [move_session] (Study Instance UID: 1.2.840.114350.2.408.2.798268.2.19983422.1) Connection timed out, was aborted or received invalid response.
2020-06-08 23:31:55 WARNING [move_session] (Study Instance UID: 1.2.840.114350.2.408.2.798268.2.19983435.1) Connection timed out, was aborted or received invalid response.
2020-06-08 23:32:36 INFO [move_session] (Study Instance UID: 1.2.840.114350.2.408.2.798268.2.19983431.1) The C-MOVE operation was succeed.
2020-06-08 23:33:11 WARNING [move_session] (Study Instance UID: 1.2.840.114350.2.408.2.798268.2.19990292.1) Connection timed out, was aborted or received invalid response.
2020-06-08 23:33:53 WARNING [move_session] (Study Instance UID: 1.3.51.0.1.1.145.117.36.171.10463527.463810) Connection timed out, was aborted or received invalid response.
2020-06-08 23:34:27 WARNING [move_session] (Study Instance UID: 1.3.51.0.1.1.145.117.36.171.10464013.464296) Connection timed out, was aborted or received invalid response.
